\BOOKMARK [0][-]{chapter.1}{\376\377\000I\000n\000t\000r\000o\000d\000u\000c\000t\000i\000o\000n}{}% 1
\BOOKMARK [1][-]{section.1.1}{\376\377\000T\000h\000e\000\040\000I\000n\000g\000e\000n\000u\000i\000t\000y\000\040\000h\000e\000l\000i\000c\000o\000p\000t\000e\000r}{chapter.1}% 2
\BOOKMARK [2][-]{subsection.1.1.1}{\376\377\000C\000o\000n\000t\000r\000o\000l}{section.1.1}% 3
\BOOKMARK [1][-]{section.1.2}{\376\377\000O\000b\000j\000e\000c\000t\000i\000v\000e}{chapter.1}% 4
\BOOKMARK [1][-]{section.1.3}{\376\377\000S\000t\000r\000u\000c\000t\000u\000r\000e}{chapter.1}% 5
\BOOKMARK [0][-]{chapter.2}{\376\377\000I\000n\000g\000e\000n\000u\000i\000t\000y\000\040\000d\000y\000n\000a\000m\000i\000c\000s}{}% 6
\BOOKMARK [0][-]{chapter.3}{\376\377\000C\000o\000n\000t\000r\000o\000l\000\040\000d\000e\000s\000i\000g\000n}{}% 7
\BOOKMARK [1][-]{section.3.1}{\376\377\000O\000b\000j\000e\000c\000t\000i\000v\000e}{chapter.3}% 8
\BOOKMARK [1][-]{section.3.2}{\376\377\000R\000e\000l\000a\000t\000i\000v\000e\000\040\000d\000e\000g\000r\000e\000e\000\040\000c\000a\000l\000c\000u\000l\000a\000t\000i\000o\000n}{chapter.3}% 9
\BOOKMARK [1][-]{section.3.3}{\376\377\000D\000y\000n\000a\000m\000i\000c\000\040\000c\000o\000m\000p\000e\000n\000s\000a\000t\000o\000r\000\040\000d\000e\000s\000i\000g\000n}{chapter.3}% 10
\BOOKMARK [1][-]{section.3.4}{\376\377\000L\000i\000n\000e\000a\000r\000i\000z\000i\000n\000g\000\040\000c\000o\000n\000t\000r\000o\000l\000\040\000l\000a\000w}{chapter.3}% 11
\BOOKMARK [1][-]{section.3.5}{\376\377\000L\000i\000n\000e\000a\000r\000\040\000t\000r\000a\000c\000k\000i\000n\000g\000\040\000c\000o\000n\000t\000r\000o\000l\000l\000e\000r}{chapter.3}% 12
\BOOKMARK [0][-]{chapter.4}{\376\377\000S\000i\000m\000u\000l\000a\000t\000i\000o\000n\000\040\000s\000e\000t\000u\000p}{}% 13
\BOOKMARK [1][-]{section.4.1}{\376\377\000M\000o\000d\000e\000l\000\040\000p\000a\000r\000a\000m\000e\000t\000e\000r\000s}{chapter.4}% 14
\BOOKMARK [1][-]{section.4.2}{\376\377\000S\000i\000m\000u\000l\000a\000t\000i\000o\000n\000\040\000s\000c\000e\000n\000a\000r\000i\000o\000s}{chapter.4}% 15
\BOOKMARK [1][-]{section.4.3}{\376\377\000P\000e\000r\000f\000o\000r\000m\000a\000n\000c\000e\000\040\000m\000e\000t\000r\000i\000c\000s}{chapter.4}% 16
\BOOKMARK [0][-]{chapter.5}{\376\377\000R\000e\000s\000u\000l\000t\000s}{}% 17
\BOOKMARK [1][-]{section.5.1}{\376\377\000T\000O\000D\000O\000:\000\040\000t\000a\000s\000k}{chapter.5}% 18
\BOOKMARK [1][-]{section.5.2}{\376\377\000A\000n\000a\000l\000y\000s\000i\000s}{chapter.5}% 19
\BOOKMARK [0][-]{chapter.6}{\376\377\000C\000o\000n\000c\000l\000u\000s\000i\000o\000n}{}% 20
\BOOKMARK [1][-]{section.6.1}{\376\377\000S\000u\000m\000m\000a\000r\000y}{chapter.6}% 21
\BOOKMARK [1][-]{section.6.2}{\376\377\000F\000u\000t\000u\000r\000e\000\040\000w\000o\000r\000k}{chapter.6}% 22
